Determining if the CL_VERSION_2_0 exist failed with the following output:
Change Dir: /home/alekstheod/projects/tnnlib/src/NeuralNetwork/build/CMakeFiles/CMakeTmp

Run Build Command:"/usr/bin/make" "cmTC_5e3e1/fast"
/usr/bin/make -f CMakeFiles/cmTC_5e3e1.dir/build.make CMakeFiles/cmTC_5e3e1.dir/build
make[1]: Entering directory '/home/alekstheod/projects/tnnlib/src/NeuralNetwork/build/CMakeFiles/CMakeTmp'
Building C object CMakeFiles/cmTC_5e3e1.dir/CheckSymbolExists.c.o
/usr/bin/cc    -o CMakeFiles/cmTC_5e3e1.dir/CheckSymbolExists.c.o   -c /home/alekstheod/projects/tnnlib/src/NeuralNetwork/build/CMakeFiles/CMakeTmp/CheckSymbolExists.c
/home/alekstheod/projects/tnnlib/src/NeuralNetwork/build/CMakeFiles/CMakeTmp/CheckSymbolExists.c:2:10: fatal error: OpenCL_INCLUDE_DIR-NOTFOUND/CL/cl.h: No such file or directory
 #include <OpenCL_INCLUDE_DIR-NOTFOUND/CL/cl.h>
          ^~~~~~~~~~~~~~~~~~~~~~~~~~~~~~~~~~~~~
compilation terminated.
make[1]: *** [CMakeFiles/cmTC_5e3e1.dir/build.make:66: CMakeFiles/cmTC_5e3e1.dir/CheckSymbolExists.c.o] Error 1
make[1]: Leaving directory '/home/alekstheod/projects/tnnlib/src/NeuralNetwork/build/CMakeFiles/CMakeTmp'
make: *** [Makefile:126: cmTC_5e3e1/fast] Error 2

File /home/alekstheod/projects/tnnlib/src/NeuralNetwork/build/CMakeFiles/CMakeTmp/CheckSymbolExists.c:
/* */
#include <OpenCL_INCLUDE_DIR-NOTFOUND/CL/cl.h>

int main(int argc, char** argv)
{
  (void)argv;
#ifndef CL_VERSION_2_0
  return ((int*)(&CL_VERSION_2_0))[argc];
#else
  (void)argc;
  return 0;
#endif
}

Determining if the CL_VERSION_1_2 exist failed with the following output:
Change Dir: /home/alekstheod/projects/tnnlib/src/NeuralNetwork/build/CMakeFiles/CMakeTmp

Run Build Command:"/usr/bin/make" "cmTC_464a4/fast"
/usr/bin/make -f CMakeFiles/cmTC_464a4.dir/build.make CMakeFiles/cmTC_464a4.dir/build
make[1]: Entering directory '/home/alekstheod/projects/tnnlib/src/NeuralNetwork/build/CMakeFiles/CMakeTmp'
Building C object CMakeFiles/cmTC_464a4.dir/CheckSymbolExists.c.o
/usr/bin/cc    -o CMakeFiles/cmTC_464a4.dir/CheckSymbolExists.c.o   -c /home/alekstheod/projects/tnnlib/src/NeuralNetwork/build/CMakeFiles/CMakeTmp/CheckSymbolExists.c
/home/alekstheod/projects/tnnlib/src/NeuralNetwork/build/CMakeFiles/CMakeTmp/CheckSymbolExists.c:2:10: fatal error: OpenCL_INCLUDE_DIR-NOTFOUND/CL/cl.h: No such file or directory
 #include <OpenCL_INCLUDE_DIR-NOTFOUND/CL/cl.h>
          ^~~~~~~~~~~~~~~~~~~~~~~~~~~~~~~~~~~~~
compilation terminated.
make[1]: *** [CMakeFiles/cmTC_464a4.dir/build.make:66: CMakeFiles/cmTC_464a4.dir/CheckSymbolExists.c.o] Error 1
make[1]: Leaving directory '/home/alekstheod/projects/tnnlib/src/NeuralNetwork/build/CMakeFiles/CMakeTmp'
make: *** [Makefile:126: cmTC_464a4/fast] Error 2

File /home/alekstheod/projects/tnnlib/src/NeuralNetwork/build/CMakeFiles/CMakeTmp/CheckSymbolExists.c:
/* */
#include <OpenCL_INCLUDE_DIR-NOTFOUND/CL/cl.h>

int main(int argc, char** argv)
{
  (void)argv;
#ifndef CL_VERSION_1_2
  return ((int*)(&CL_VERSION_1_2))[argc];
#else
  (void)argc;
  return 0;
#endif
}

Determining if the CL_VERSION_1_1 exist failed with the following output:
Change Dir: /home/alekstheod/projects/tnnlib/src/NeuralNetwork/build/CMakeFiles/CMakeTmp

Run Build Command:"/usr/bin/make" "cmTC_e4e8c/fast"
/usr/bin/make -f CMakeFiles/cmTC_e4e8c.dir/build.make CMakeFiles/cmTC_e4e8c.dir/build
make[1]: Entering directory '/home/alekstheod/projects/tnnlib/src/NeuralNetwork/build/CMakeFiles/CMakeTmp'
Building C object CMakeFiles/cmTC_e4e8c.dir/CheckSymbolExists.c.o
/usr/bin/cc    -o CMakeFiles/cmTC_e4e8c.dir/CheckSymbolExists.c.o   -c /home/alekstheod/projects/tnnlib/src/NeuralNetwork/build/CMakeFiles/CMakeTmp/CheckSymbolExists.c
/home/alekstheod/projects/tnnlib/src/NeuralNetwork/build/CMakeFiles/CMakeTmp/CheckSymbolExists.c:2:10: fatal error: OpenCL_INCLUDE_DIR-NOTFOUND/CL/cl.h: No such file or directory
 #include <OpenCL_INCLUDE_DIR-NOTFOUND/CL/cl.h>
          ^~~~~~~~~~~~~~~~~~~~~~~~~~~~~~~~~~~~~
compilation terminated.
make[1]: *** [CMakeFiles/cmTC_e4e8c.dir/build.make:66: CMakeFiles/cmTC_e4e8c.dir/CheckSymbolExists.c.o] Error 1
make[1]: Leaving directory '/home/alekstheod/projects/tnnlib/src/NeuralNetwork/build/CMakeFiles/CMakeTmp'
make: *** [Makefile:126: cmTC_e4e8c/fast] Error 2

File /home/alekstheod/projects/tnnlib/src/NeuralNetwork/build/CMakeFiles/CMakeTmp/CheckSymbolExists.c:
/* */
#include <OpenCL_INCLUDE_DIR-NOTFOUND/CL/cl.h>

int main(int argc, char** argv)
{
  (void)argv;
#ifndef CL_VERSION_1_1
  return ((int*)(&CL_VERSION_1_1))[argc];
#else
  (void)argc;
  return 0;
#endif
}

Determining if the CL_VERSION_1_0 exist failed with the following output:
Change Dir: /home/alekstheod/projects/tnnlib/src/NeuralNetwork/build/CMakeFiles/CMakeTmp

Run Build Command:"/usr/bin/make" "cmTC_a171f/fast"
/usr/bin/make -f CMakeFiles/cmTC_a171f.dir/build.make CMakeFiles/cmTC_a171f.dir/build
make[1]: Entering directory '/home/alekstheod/projects/tnnlib/src/NeuralNetwork/build/CMakeFiles/CMakeTmp'
Building C object CMakeFiles/cmTC_a171f.dir/CheckSymbolExists.c.o
/usr/bin/cc    -o CMakeFiles/cmTC_a171f.dir/CheckSymbolExists.c.o   -c /home/alekstheod/projects/tnnlib/src/NeuralNetwork/build/CMakeFiles/CMakeTmp/CheckSymbolExists.c
/home/alekstheod/projects/tnnlib/src/NeuralNetwork/build/CMakeFiles/CMakeTmp/CheckSymbolExists.c:2:10: fatal error: OpenCL_INCLUDE_DIR-NOTFOUND/CL/cl.h: No such file or directory
 #include <OpenCL_INCLUDE_DIR-NOTFOUND/CL/cl.h>
          ^~~~~~~~~~~~~~~~~~~~~~~~~~~~~~~~~~~~~
compilation terminated.
make[1]: *** [CMakeFiles/cmTC_a171f.dir/build.make:66: CMakeFiles/cmTC_a171f.dir/CheckSymbolExists.c.o] Error 1
make[1]: Leaving directory '/home/alekstheod/projects/tnnlib/src/NeuralNetwork/build/CMakeFiles/CMakeTmp'
make: *** [Makefile:126: cmTC_a171f/fast] Error 2

File /home/alekstheod/projects/tnnlib/src/NeuralNetwork/build/CMakeFiles/CMakeTmp/CheckSymbolExists.c:
/* */
#include <OpenCL_INCLUDE_DIR-NOTFOUND/CL/cl.h>

int main(int argc, char** argv)
{
  (void)argv;
#ifndef CL_VERSION_1_0
  return ((int*)(&CL_VERSION_1_0))[argc];
#else
  (void)argc;
  return 0;
#endif
}

